# JRE version: OpenJDK Runtime Environment (16.0.1+9) (build 16.0.1+9-24)
# Java VM: OpenJDK 64-Bit Server VM (16.0.1+9-24, mixed mode, sharing, tiered, compressed oops, compressed class ptrs, g1 gc, windows-amd64)
GC Precious Log:
 CPUs: 16 total, 16 available
 Memory: 16315M
 Large Page Support: Disabled
 NUMA Support: Disabled
 Compressed Oops: Enabled (Zero based)
 Heap Region Size: 2M
 Heap Min Capacity: 8M
 Heap Initial Capacity: 256M
 Heap Max Capacity: 4080M
 Pre-touch: Disabled
 Parallel Workers: 13
 Concurrent Workers: 3
 Concurrent Refinement Workers: 13
 Periodic GC: Disabled
Heap:
 garbage-first heap   total 657408K, used 536551K [0x0000000701000000, 0x0000000800000000)
  region size 2048K, 131 young (268288K), 1 survivors (2048K)
 Metaspace       used 40221K, committed 40576K, reserved 1089536K
  class space    used 5968K, committed 6144K, reserved 1048576K
GC Heap History (20 events):
Event: 716.332 GC heap before
{Heap before GC invocations=2374 (full 0):
 garbage-first heap   total 657408K, used 585701K [0x0000000701000000, 0x0000000800000000)
  region size 2048K, 154 young (315392K), 1 survivors (2048K)
 Metaspace       used 39545K, committed 39936K, reserved 1089536K
  class space    used 5845K, committed 6080K, reserved 1048576K
}
Event: 716.333 GC heap after
{Heap after GC invocations=2375 (full 0):
 garbage-first heap   total 657408K, used 272359K [0x0000000701000000, 0x0000000800000000)
  region size 2048K, 1 young (2048K), 1 survivors (2048K)
 Metaspace       used 39545K, committed 39936K, reserved 1089536K
  class space    used 5845K, committed 6080K, reserved 1048576K
}
Event: 716.598 GC heap before
{Heap before GC invocations=2375 (full 0):
 garbage-first heap   total 657408K, used 585703K [0x0000000701000000, 0x0000000800000000)
  region size 2048K, 154 young (315392K), 1 survivors (2048K)
 Metaspace       used 39545K, committed 39936K, reserved 1089536K
  class space    used 5845K, committed 6080K, reserved 1048576K
}
Event: 716.599 GC heap after
{Heap after GC invocations=2376 (full 0):
 garbage-first heap   total 657408K, used 272361K [0x0000000701000000, 0x0000000800000000)
  region size 2048K, 1 young (2048K), 1 survivors (2048K)
 Metaspace       used 39545K, committed 39936K, reserved 1089536K
  class space    used 5845K, committed 6080K, reserved 1048576K
}
Event: 716.899 GC heap before
{Heap before GC invocations=2376 (full 0):
 garbage-first heap   total 657408K, used 585705K [0x0000000701000000, 0x0000000800000000)
  region size 2048K, 154 young (315392K), 1 survivors (2048K)
 Metaspace       used 39545K, committed 39936K, reserved 1089536K
  class space    used 5845K, committed 6080K, reserved 1048576K
}
Event: 716.899 GC heap after
{Heap after GC invocations=2377 (full 0):
 garbage-first heap   total 657408K, used 272359K [0x0000000701000000, 0x0000000800000000)
  region size 2048K, 1 young (2048K), 1 survivors (2048K)
 Metaspace       used 39545K, committed 39936K, reserved 1089536K
  class space    used 5845K, committed 6080K, reserved 1048576K
}
Event: 717.166 GC heap before
{Heap before GC invocations=2377 (full 0):
 garbage-first heap   total 657408K, used 585703K [0x0000000701000000, 0x0000000800000000)
  region size 2048K, 154 young (315392K), 1 survivors (2048K)
 Metaspace       used 39545K, committed 39936K, reserved 1089536K
  class space    used 5845K, committed 6080K, reserved 1048576K
}
Event: 717.167 GC heap after
{Heap after GC invocations=2378 (full 0):
 garbage-first heap   total 657408K, used 272359K [0x0000000701000000, 0x0000000800000000)
  region size 2048K, 1 young (2048K), 1 survivors (2048K)
 Metaspace       used 39545K, committed 39936K, reserved 1089536K
  class space    used 5845K, committed 6080K, reserved 1048576K
}
Event: 717.440 GC heap before
{Heap before GC invocations=2378 (full 0):
 garbage-first heap   total 657408K, used 585703K [0x0000000701000000, 0x0000000800000000)
  region size 2048K, 154 young (315392K), 1 survivors (2048K)
 Metaspace       used 39545K, committed 39936K, reserved 1089536K
  class space    used 5845K, committed 6080K, reserved 1048576K
}
Event: 717.441 GC heap after
{Heap after GC invocations=2379 (full 0):
 garbage-first heap   total 657408K, used 272361K [0x0000000701000000, 0x0000000800000000)
  region size 2048K, 1 young (2048K), 1 survivors (2048K)
 Metaspace       used 39545K, committed 39936K, reserved 1089536K
  class space    used 5845K, committed 6080K, reserved 1048576K
}
Event: 717.730 GC heap before
{Heap before GC invocations=2379 (full 0):
 garbage-first heap   total 657408K, used 585705K [0x0000000701000000, 0x0000000800000000)
  region size 2048K, 154 young (315392K), 1 survivors (2048K)
 Metaspace       used 39545K, committed 39936K, reserved 1089536K
  class space    used 5845K, committed 6080K, reserved 1048576K
}
Event: 717.731 GC heap after
{Heap after GC invocations=2380 (full 0):
 garbage-first heap   total 657408K, used 272359K [0x0000000701000000, 0x0000000800000000)
  region size 2048K, 1 young (2048K), 1 survivors (2048K)
 Metaspace       used 39545K, committed 39936K, reserved 1089536K
  class space    used 5845K, committed 6080K, reserved 1048576K
}
Event: 718.004 GC heap before
{Heap before GC invocations=2380 (full 0):
 garbage-first heap   total 657408K, used 585703K [0x0000000701000000, 0x0000000800000000)
  region size 2048K, 154 young (315392K), 1 survivors (2048K)
 Metaspace       used 39545K, committed 39936K, reserved 1089536K
  class space    used 5845K, committed 6080K, reserved 1048576K
}
Event: 718.005 GC heap after
{Heap after GC invocations=2381 (full 0):
 garbage-first heap   total 657408K, used 272357K [0x0000000701000000, 0x0000000800000000)
  region size 2048K, 1 young (2048K), 1 survivors (2048K)
 Metaspace       used 39545K, committed 39936K, reserved 1089536K
  class space    used 5845K, committed 6080K, reserved 1048576K
}
Event: 718.270 GC heap before
{Heap before GC invocations=2381 (full 0):
 garbage-first heap   total 657408K, used 585701K [0x0000000701000000, 0x0000000800000000)
  region size 2048K, 154 young (315392K), 1 survivors (2048K)
 Metaspace       used 39546K, committed 39936K, reserved 1089536K
  class space    used 5845K, committed 6080K, reserved 1048576K
}
Event: 718.271 GC heap after
{Heap after GC invocations=2382 (full 0):
 garbage-first heap   total 657408K, used 272359K [0x0000000701000000, 0x0000000800000000)
  region size 2048K, 1 young (2048K), 1 survivors (2048K)
 Metaspace       used 39546K, committed 39936K, reserved 1089536K
  class space    used 5845K, committed 6080K, reserved 1048576K
}
Event: 718.562 GC heap before
{Heap before GC invocations=2382 (full 0):
 garbage-first heap   total 657408K, used 585703K [0x0000000701000000, 0x0000000800000000)
  region size 2048K, 154 young (315392K), 1 survivors (2048K)
 Metaspace       used 39546K, committed 39936K, reserved 1089536K
  class space    used 5845K, committed 6080K, reserved 1048576K
}
Event: 718.563 GC heap after
{Heap after GC invocations=2383 (full 0):
 garbage-first heap   total 657408K, used 272361K [0x0000000701000000, 0x0000000800000000)
  region size 2048K, 1 young (2048K), 1 survivors (2048K)
 Metaspace       used 39546K, committed 39936K, reserved 1089536K
  class space    used 5845K, committed 6080K, reserved 1048576K
}
Event: 718.833 GC heap before
{Heap before GC invocations=2383 (full 0):
 garbage-first heap   total 657408K, used 585705K [0x0000000701000000, 0x0000000800000000)
  region size 2048K, 154 young (315392K), 1 survivors (2048K)
 Metaspace       used 39546K, committed 39936K, reserved 1089536K
  class space    used 5845K, committed 6080K, reserved 1048576K
}
Event: 718.834 GC heap after
{Heap after GC invocations=2384 (full 0):
 garbage-first heap   total 657408K, used 272359K [0x0000000701000000, 0x0000000800000000)
  region size 2048K, 1 young (2048K), 1 survivors (2048K)
 Metaspace       used 39546K, committed 39936K, reserved 1089536K
  class space    used 5845K, committed 6080K, reserved 1048576K
}

