# JRE version: OpenJDK Runtime Environment (16.0.1+9) (build 16.0.1+9-24)
# Java VM: OpenJDK 64-Bit Server VM (16.0.1+9-24, mixed mode, sharing, tiered, compressed oops, compressed class ptrs, g1 gc, windows-amd64)
GC Precious Log:
 CPUs: 16 total, 16 available
 Memory: 16315M
 Large Page Support: Disabled
 NUMA Support: Disabled
 Compressed Oops: Enabled (Zero based)
 Heap Region Size: 2M
 Heap Min Capacity: 8M
 Heap Initial Capacity: 256M
 Heap Max Capacity: 4080M
 Pre-touch: Disabled
 Parallel Workers: 13
 Concurrent Workers: 3
 Concurrent Refinement Workers: 13
 Periodic GC: Disabled
Heap:
 garbage-first heap   total 348160K, used 212480K [0x0000000701000000, 0x0000000800000000)
  region size 2048K, 10 young (20480K), 4 survivors (8192K)
 Metaspace       used 33444K, committed 33728K, reserved 1081344K
  class space    used 5320K, committed 5440K, reserved 1048576K
GC Heap History (20 events):
Event: 1.490 GC heap before
{Heap before GC invocations=5 (full 0):
 garbage-first heap   total 262144K, used 128728K [0x0000000701000000, 0x0000000800000000)
  region size 2048K, 4 young (8192K), 3 survivors (6144K)
 Metaspace       used 14160K, committed 14400K, reserved 1064960K
  class space    used 2188K, committed 2304K, reserved 1048576K
}
Event: 1.492 GC heap after
{Heap after GC invocations=6 (full 0):
 garbage-first heap   total 262144K, used 126840K [0x0000000701000000, 0x0000000800000000)
  region size 2048K, 3 young (6144K), 3 survivors (6144K)
 Metaspace       used 14160K, committed 14400K, reserved 1064960K
  class space    used 2188K, committed 2304K, reserved 1048576K
}
Event: 1.854 GC heap before
{Heap before GC invocations=7 (full 0):
 garbage-first heap   total 262144K, used 196472K [0x0000000701000000, 0x0000000800000000)
  region size 2048K, 37 young (75776K), 3 survivors (6144K)
 Metaspace       used 16712K, committed 16896K, reserved 1064960K
  class space    used 2519K, committed 2624K, reserved 1048576K
}
Event: 1.869 GC heap after
{Heap after GC invocations=8 (full 0):
 garbage-first heap   total 262144K, used 145412K [0x0000000701000000, 0x0000000800000000)
  region size 2048K, 5 young (10240K), 5 survivors (10240K)
 Metaspace       used 16712K, committed 16896K, reserved 1064960K
  class space    used 2519K, committed 2624K, reserved 1048576K
}
Event: 2.183 GC heap before
{Heap before GC invocations=8 (full 0):
 garbage-first heap   total 262144K, used 163844K [0x0000000701000000, 0x0000000800000000)
  region size 2048K, 15 young (30720K), 5 survivors (10240K)
 Metaspace       used 21311K, committed 21504K, reserved 1073152K
  class space    used 3184K, committed 3264K, reserved 1048576K
}
Event: 2.190 GC heap after
{Heap after GC invocations=9 (full 0):
 garbage-first heap   total 325632K, used 144670K [0x0000000701000000, 0x0000000800000000)
  region size 2048K, 1 young (2048K), 1 survivors (2048K)
 Metaspace       used 21311K, committed 21504K, reserved 1073152K
  class space    used 3184K, committed 3264K, reserved 1048576K
}
Event: 2.206 GC heap before
{Heap before GC invocations=9 (full 0):
 garbage-first heap   total 325632K, used 150814K [0x0000000701000000, 0x0000000800000000)
  region size 2048K, 2 young (4096K), 1 survivors (2048K)
 Metaspace       used 21434K, committed 21632K, reserved 1073152K
  class space    used 3219K, committed 3328K, reserved 1048576K
}
Event: 2.208 GC heap after
{Heap after GC invocations=10 (full 0):
 garbage-first heap   total 325632K, used 150388K [0x0000000701000000, 0x0000000800000000)
  region size 2048K, 1 young (2048K), 1 survivors (2048K)
 Metaspace       used 21434K, committed 21632K, reserved 1073152K
  class space    used 3219K, committed 3328K, reserved 1048576K
}
Event: 2.284 GC heap before
{Heap before GC invocations=11 (full 0):
 garbage-first heap   total 325632K, used 166772K [0x0000000701000000, 0x0000000800000000)
  region size 2048K, 4 young (8192K), 1 survivors (2048K)
 Metaspace       used 22363K, committed 22592K, reserved 1073152K
  class space    used 3419K, committed 3520K, reserved 1048576K
}
Event: 2.286 GC heap after
{Heap after GC invocations=12 (full 0):
 garbage-first heap   total 325632K, used 163148K [0x0000000701000000, 0x0000000800000000)
  region size 2048K, 1 young (2048K), 1 survivors (2048K)
 Metaspace       used 22363K, committed 22592K, reserved 1073152K
  class space    used 3419K, committed 3520K, reserved 1048576K
}
Event: 2.316 GC heap before
{Heap before GC invocations=13 (full 0):
 garbage-first heap   total 325632K, used 177484K [0x0000000701000000, 0x0000000800000000)
  region size 2048K, 3 young (6144K), 1 survivors (2048K)
 Metaspace       used 22382K, committed 22592K, reserved 1073152K
  class space    used 3421K, committed 3520K, reserved 1048576K
}
Event: 2.317 GC heap after
{Heap after GC invocations=14 (full 0):
 garbage-first heap   total 325632K, used 175525K [0x0000000701000000, 0x0000000800000000)
  region size 2048K, 2 young (4096K), 2 survivors (4096K)
 Metaspace       used 22382K, committed 22592K, reserved 1073152K
  class space    used 3421K, committed 3520K, reserved 1048576K
}
Event: 2.390 GC heap before
{Heap before GC invocations=15 (full 0):
 garbage-first heap   total 325632K, used 187813K [0x0000000701000000, 0x0000000800000000)
  region size 2048K, 6 young (12288K), 2 survivors (4096K)
 Metaspace       used 23363K, committed 23552K, reserved 1073152K
  class space    used 3640K, committed 3712K, reserved 1048576K
}
Event: 2.392 GC heap after
{Heap after GC invocations=16 (full 0):
 garbage-first heap   total 325632K, used 182114K [0x0000000701000000, 0x0000000800000000)
  region size 2048K, 2 young (4096K), 2 survivors (4096K)
 Metaspace       used 23363K, committed 23552K, reserved 1073152K
  class space    used 3640K, committed 3712K, reserved 1048576K
}
Event: 2.884 GC heap before
{Heap before GC invocations=17 (full 0):
 garbage-first heap   total 325632K, used 214882K [0x0000000701000000, 0x0000000800000000)
  region size 2048K, 16 young (32768K), 2 survivors (4096K)
 Metaspace       used 29695K, committed 30016K, reserved 1081344K
  class space    used 4871K, committed 5056K, reserved 1048576K
}
Event: 2.889 GC heap after
{Heap after GC invocations=18 (full 0):
 garbage-first heap   total 325632K, used 191247K [0x0000000701000000, 0x0000000800000000)
  region size 2048K, 3 young (6144K), 3 survivors (6144K)
 Metaspace       used 29695K, committed 30016K, reserved 1081344K
  class space    used 4871K, committed 5056K, reserved 1048576K
}
Event: 3.090 GC heap before
{Heap before GC invocations=19 (full 0):
 garbage-first heap   total 335872K, used 209679K [0x0000000701000000, 0x0000000800000000)
  region size 2048K, 10 young (20480K), 3 survivors (6144K)
 Metaspace       used 31788K, committed 32064K, reserved 1081344K
  class space    used 5189K, committed 5312K, reserved 1048576K
}
Event: 3.093 GC heap after
{Heap after GC invocations=20 (full 0):
 garbage-first heap   total 335872K, used 192666K [0x0000000701000000, 0x0000000800000000)
  region size 2048K, 4 young (8192K), 4 survivors (8192K)
 Metaspace       used 31788K, committed 32064K, reserved 1081344K
  class space    used 5189K, committed 5312K, reserved 1048576K
}
Event: 4.351 GC heap before
{Heap before GC invocations=21 (full 0):
 garbage-first heap   total 335872K, used 200858K [0x0000000701000000, 0x0000000800000000)
  region size 2048K, 8 young (16384K), 4 survivors (8192K)
 Metaspace       used 32623K, committed 32896K, reserved 1081344K
  class space    used 5242K, committed 5376K, reserved 1048576K
}
Event: 4.354 GC heap after
{Heap after GC invocations=22 (full 0):
 garbage-first heap   total 335872K, used 196096K [0x0000000701000000, 0x0000000800000000)
  region size 2048K, 4 young (8192K), 4 survivors (8192K)
 Metaspace       used 32623K, committed 32896K, reserved 1081344K
  class space    used 5242K, committed 5376K, reserved 1048576K
}

